2026-06-02 17:32:50,995 - diagnostics - INFO - ==================================================
2026-06-02 17:32:50,995 - diagnostics - INFO - PHASE 1: AUTO PROFILING & DIAGNOSTICS
2026-06-02 17:32:50,995 - diagnostics - INFO - ==================================================
2026-06-02 17:32:50,996 - diagnostics - INFO - Step 1: Analyzing missing values...
2026-06-02 17:32:50,998 - diagnostics - INFO - Step 2: Analyzing distributions...
2026-06-02 17:32:51,012 - diagnostics - INFO - Step 3: Detecting outliers (iqr)...
2026-06-02 17:32:51,025 - diagnostics - INFO - Diagnostics complete!
2026-06-02 17:32:51,025 - diagnostics - INFO - Found 1149 outlier records
2026-06-02 17:32:51,031 - diagnostics - INFO - Full diagnostic report saved to outputs\runs\run_20260602_173250_default\diagnostic_report.csv
2026-06-02 17:32:51,413 - diagnostics - INFO - Saved: missing_values_by_year.png
2026-06-02 17:32:52,526 - diagnostics - INFO - Saved: missing_values_by_feature_by_year.png
2026-06-02 17:32:53,278 - diagnostics - INFO - Saved: boxplots.png
2026-06-02 17:32:54,437 - diagnostics - INFO - Saved: histograms.png
2026-06-02 17:32:54,445 - diagnostics - INFO - Generating Heatmap...
2026-06-02 17:32:54,779 - diagnostics - INFO - Saved: correlation_heatmap.png
2026-06-02 17:32:54,786 - diagnostics - INFO - Generating Pairwise Scatter Plot...
2026-06-02 17:32:58,194 - diagnostics - INFO - Saved: pairwise_scatter.png
2026-06-02 17:32:58,202 - diagnostics - INFO - Generating Matrix Plot of missingno...
2026-06-02 17:32:58,621 - diagnostics - INFO - Saved: Matrix Plot
2026-06-02 17:32:58,622 - diagnostics - INFO - Generating Heatmap Plot of missingno...
2026-06-02 17:32:58,997 - diagnostics - INFO - Saved: Heatmap Plot
