2026-06-02 17:32:50,828 - root - INFO - 
======================================================================
2026-06-02 17:32:50,829 - root - INFO - WORLDBANK DATA PROCESSING PIPELINE
2026-06-02 17:32:50,829 - root - INFO - Scenario: default
2026-06-02 17:32:50,829 - root - INFO - ======================================================================

2026-06-02 17:32:50,829 - root - INFO - 📁 Run Directory: outputs\runs\run_20260602_173250_default
2026-06-02 17:32:50,829 - root - INFO - 📝 Logs Directory: outputs\runs\run_20260602_173250_default\logs
2026-06-02 17:32:50,830 - root - INFO - 
======================================================================
2026-06-02 17:32:50,830 - root - INFO - PHASE 0: DATA INTEGRATION
2026-06-02 17:32:50,830 - root - INFO - ======================================================================
2026-06-02 17:32:50,831 - data_integration - INFO - ==================================================
2026-06-02 17:32:50,831 - data_integration - INFO - PHASE 0: DATA INTEGRATION
2026-06-02 17:32:50,831 - data_integration - INFO - ==================================================
2026-06-02 17:32:50,831 - data_integration - INFO - Step 1: Loading CSV files from E:\WorldBank-Data-Analysis-Project\RAW_DATASET...
2026-06-02 17:32:50,832 - data_integration - INFO - Loaded 9 feature mappings from E:\WorldBank-Data-Analysis-Project\DIAGNOSTIC_PIPELINE\feature_encoding_rules.json
2026-06-02 17:32:50,839 - data_integration - INFO - Loaded: Access to electricity (% of population) -> Elec_Access - Shape: (266, 21)
2026-06-02 17:32:50,842 - data_integration - INFO - Loaded: Agriculture, forestry, and fishing, value added (% of GDP) -> Agri_GDP - Shape: (266, 21)
2026-06-02 17:32:50,846 - data_integration - INFO - Loaded: Domestic credit to private sector (% of GDP) -> Credit_Private - Shape: (266, 21)
2026-06-02 17:32:50,848 - data_integration - INFO - Loaded: Employment in services (% of total employment) (modeled ILO estimate) -> Emp_Services - Shape: (266, 21)
2026-06-02 17:32:50,851 - data_integration - INFO - Loaded: Foreign direct investment, net inflows (% of GDP) -> FDI_GDP - Shape: (266, 21)
2026-06-02 17:32:50,855 - data_integration - INFO - Loaded: GDP per capita (constant 2015 US$) -> GDPC_2015 - Shape: (266, 21)
2026-06-02 17:32:50,857 - data_integration - INFO - Loaded: Individuals using the Internet (% of population) -> Internet_Usage - Shape: (266, 21)
2026-06-02 17:32:50,860 - data_integration - INFO - Loaded: Industry (including construction), value added (% of GDP) -> Indus_GDP - Shape: (266, 21)
2026-06-02 17:32:50,864 - data_integration - INFO - Loaded: Services, value added (% of GDP) -> Serv_GDP - Shape: (266, 21)
2026-06-02 17:32:50,864 - data_integration - INFO - Loaded 9 indicators
2026-06-02 17:32:50,864 - data_integration - INFO - Step 2: Standardizing structure...
2026-06-02 17:32:50,882 - data_integration - INFO - Step 3: Merging datasets...
2026-06-02 17:32:50,964 - data_integration - INFO - Merged dataset shape: (5546, 11)
2026-06-02 17:32:50,965 - data_integration - INFO - Missing values ratio: 8.23%
2026-06-02 17:32:50,965 - data_integration - INFO - Integration complete!
2026-06-02 17:32:50,966 - data_integration - INFO - Data info: {'shape': (5546, 11), 'columns': ['Country', 'Year', 'Agri_GDP', 'Credit_Private', 'Elec_Access', 'Emp_Services', 'FDI_GDP', 'GDPC_2015', 'Indus_GDP', 'Internet_Usage', 'Serv_GDP'], 'years_range': (2004, 2024), 'countries_count': 265, 'records_count': 5546, 'missing_percentage': 8.231977182572207, 'numeric_columns': ['Year', 'Agri_GDP', 'Credit_Private', 'Elec_Access', 'Emp_Services', 'FDI_GDP', 'GDPC_2015', 'Indus_GDP', 'Internet_Usage', 'Serv_GDP']}
2026-06-02 17:32:50,968 - root - INFO - ✓ Filtered non-country territories:
2026-06-02 17:32:50,968 - root - INFO -   Before: 5546 rows
2026-06-02 17:32:50,968 - root - INFO -   After: 4110 rows
2026-06-02 17:32:50,968 - root - INFO -   Removed: 1436 rows (25.9%)
2026-06-02 17:32:50,993 - root - INFO - ✓ PHASE 0 Complete: outputs\runs\run_20260602_173250_default\dataset_merged.csv
2026-06-02 17:32:50,993 - root - INFO -   Shape: (4110, 11)
2026-06-02 17:32:50,993 - root - INFO -   File size: 0.52 MB
2026-06-02 17:32:50,993 - root - INFO - 
======================================================================
2026-06-02 17:32:50,993 - root - INFO - PHASE 1: AUTO PROFILING & DIAGNOSTICS
2026-06-02 17:32:50,993 - root - INFO - ======================================================================
2026-06-02 17:32:50,995 - diagnostics - INFO - ==================================================
2026-06-02 17:32:50,995 - diagnostics - INFO - PHASE 1: AUTO PROFILING & DIAGNOSTICS
2026-06-02 17:32:50,995 - diagnostics - INFO - ==================================================
2026-06-02 17:32:50,996 - diagnostics - INFO - Step 1: Analyzing missing values...
2026-06-02 17:32:50,998 - diagnostics - INFO - Step 2: Analyzing distributions...
2026-06-02 17:32:51,012 - diagnostics - INFO - Step 3: Detecting outliers (iqr)...
2026-06-02 17:32:51,025 - diagnostics - INFO - Diagnostics complete!
2026-06-02 17:32:51,025 - diagnostics - INFO - Found 1149 outlier records
2026-06-02 17:32:51,031 - diagnostics - INFO - Full diagnostic report saved to outputs\runs\run_20260602_173250_default\diagnostic_report.csv
2026-06-02 17:32:51,031 - root - INFO - Creating visualizations...
2026-06-02 17:32:51,413 - diagnostics - INFO - Saved: missing_values_by_year.png
2026-06-02 17:32:52,526 - diagnostics - INFO - Saved: missing_values_by_feature_by_year.png
2026-06-02 17:32:53,278 - diagnostics - INFO - Saved: boxplots.png
2026-06-02 17:32:54,437 - diagnostics - INFO - Saved: histograms.png
2026-06-02 17:32:54,445 - diagnostics - INFO - Generating Heatmap...
2026-06-02 17:32:54,779 - diagnostics - INFO - Saved: correlation_heatmap.png
2026-06-02 17:32:54,786 - diagnostics - INFO - Generating Pairwise Scatter Plot...
2026-06-02 17:32:58,194 - diagnostics - INFO - Saved: pairwise_scatter.png
2026-06-02 17:32:58,202 - diagnostics - INFO - Generating Matrix Plot of missingno...
2026-06-02 17:32:58,621 - diagnostics - INFO - Saved: Matrix Plot
2026-06-02 17:32:58,622 - diagnostics - INFO - Generating Heatmap Plot of missingno...
2026-06-02 17:32:58,997 - diagnostics - INFO - Saved: Heatmap Plot
2026-06-02 17:32:58,998 - root - INFO - Creating draft configuration...
2026-06-02 17:32:58,998 - root - INFO -   Outlier percentage: 27.96%
2026-06-02 17:32:58,998 - root - INFO -   → Recommending higher IQR multiplier (1.8)
2026-06-02 17:32:58,998 - root - INFO -   → Found 2 highly skewed columns
2026-06-02 17:32:58,998 - root - INFO -   → Recommending LOG TRANSFORM
2026-06-02 17:32:58,998 - root - INFO - ✓ PHASE 1 Complete
2026-06-02 17:32:58,998 - root - INFO -   Reports: diagnostic_report.csv
2026-06-02 17:32:58,998 - root - INFO -   Visualizations: boxplots.png, histograms.png, correlation_heatmap.png, pairwise_scatter.png
2026-06-02 17:32:58,998 - root - INFO -   Draft config: config.yaml (for phase 2 review)
2026-06-02 17:32:59,002 - run_manager - INFO - ✓ Saved config: outputs\runs\run_20260602_173250_default\config.yaml
2026-06-02 17:32:59,003 - run_manager - INFO - ✓ Saved run summary: outputs\runs\run_20260602_173250_default\run_summary.json
